    index.js
[D] lib
      daemon-bootstrap.js
      git.js
      index.js
      loader.js
      manifest.js
      prepare.js
      spool.js
    package.json
    README.md
[D] skills
  [D] gm
        index.js
        SKILL.md
  [D] gm-complete
        index.js
        SKILL.md
  [D] gm-emit
        index.js
        SKILL.md
  [D] gm-execute
        index.js
        SKILL.md
  [D] planning
        index.js
        SKILL.md
  [D] update-docs
        index.js
        SKILL.md
    test-build.js
    test-e2e.js
    test-unified.js
    test.js
