[scaffold] Creating temp directory: C:\Users\user\AppData\Local\Temp\gm-skill-1778750958550
[scaffold] Setting up gm-skill repo structure in: C:\Users\user\AppData\Local\Temp\gm-skill-1778750958550\gm-skill
[scaffold] Created package.json
[scaffold] Created index.js
[scaffold] Created README.md
Initialized empty Git repository in C:/Users/user/AppData/Local/Temp/gm-skill-1778750958550/gm-skill/.git/
[scaffold] Initialized git repo
[scaffold] Configured git user
[scaffold] Staged files
[master (root-commit) 3130828] Initial commit: gm-skill foundation
 3 files changed, 14 insertions(+)
 create mode 100644 README.md
 create mode 100644 index.js
 create mode 100644 package.json
[scaffold] Created initial commit
[scaffold] Repo structure created at: C:\Users\user\AppData\Local\Temp\gm-skill-1778750958550\gm-skill
[scaffold] Ready for remote push
SCAFFOLD_REPO_PATH=C:\Users\user\AppData\Local\Temp\gm-skill-1778750958550\gm-skill
=== SCAFFOLD: Create AnEntrypoint/gm-skill repo ===

[1] Check if repo already exists...
    Creating directories...
[2] Clone empty gm-skill repo from AnEntrypoint...
    Command: gh repo create AnEntrypoint/gm-skill --public --source=. --remote=origin --push
[3] Initialize git repo if needed...
    ✓ Git repo already initialized
[4] Create initial scaffold files...
    ✓ README.md
    ✓ package.json
    ✓ .gitignore
[5] Create initial commit...
    ✓ Commit created
[6] Push to origin...
    ✓ Pushed to origin

✓ SCAFFOLD COMPLETE: repo ready at C:\Users\user\code\repos\gm-skill
