info: syncing channel updates for stable-x86_64-pc-windows-msvc
info: checking for self-update (current version: 1.29.0)
Error: Command failed: cd C:\dev\rs-plugkit && cargo check 2>&1
Stdout: error: rustc 1.85.1 is not supported by the following packages:
  home@0.5.12 requires rustc 1.88
  icu_collections@2.2.0 requires rustc 1.86
  icu_locale_core@2.2.0 requires rustc 1.86
  icu_normalizer@2.2.0 requires rustc 1.86
  icu_normalizer_data@2.2.0 requires rustc 1.86
  icu_normalizer_data@2.2.0 requires rustc 1.86
  icu_normalizer_data@2.2.0 requires rustc 1.86
  icu_properties@2.2.0 requires rustc 1.86
  icu_properties_data@2.2.0 requires rustc 1.86
  icu_properties_data@2.2.0 requires rustc 1.86
  icu_properties_data@2.2.0 requires rustc 1.86
  icu_provider@2.2.0 requires rustc 1.86
  idna_adapter@1.2.2 requires rustc 1.86
Either upgrade rustc or select compatible dependency versions with
`cargo update <name>@<current-ver> --precise <compatible-ver>`
where `<compatible-ver>` is the latest version supporting rustc 1.85.1


