=== POST-EMIT VERIFICATION ===

1. Verifying lib/git.js exists and has correct size:
   ✓ ./lib/git.js (12403 bytes)
   ✓ ./gm-skill/lib/git.js (12403 bytes)
   ✓ ./gm-starter/lib/git.js (12403 bytes)

2. Verifying imports work:
   ✓ lib/git.js
   ✓ gm-skill/lib/git.js
   ✓ gm-starter/lib/git.js

3. Verifying update-docs skill imports:
   ✓ update-docs imports lib/git.js
   ✓ update-docs uses git.log(), git.diff(), git.status()

4. Verifying gm-complete skill imports:
   ✓ gm-complete imports lib/git.js
   ✓ gm-complete uses git.status(), git.log()

5. Verifying module exports:
   ✓ commit
   ✓ push
   ✓ status
   ✓ diff
   ✓ log
   ✓ checkout
   ✓ rebase
   ✓ cherryPick
   ✓ GIT_USER
   ✓ GIT_EMAIL

6. Verifying GIT_USER and GIT_EMAIL constants:
   ✓ GIT_USER = lanmower
   ✓ GIT_EMAIL = almagestfraternite@gmail.com

7. Verifying escapeShellArg works on Windows:
   ✓ escapeShellArg('simple') = 'simple'
   ✓ escapeShellArg('with spaces') = '"with spaces"'
   ✓ escapeShellArg('with"quote') = '"with\"quote"'

8. Verifying parseGitStatus works:
   ✓ parseGitStatus parses status correctly

✓ All post-emit verifications passed
